1: lo: <LOOPBACK,UP,LOWER_UP> mtu 65536 qdisc noqueue state UNKNOWN group default 
    link/loopback 00:00:00:00:00:00 brd 00:00:00:00:00:00
    inet 127.0.0.1/8 scope host lo
       valid_lft forever preferred_lft forever
    inet6 ::1/128 scope host 
       valid_lft forever preferred_lft forever
2: eth0: <BROADCAST,MULTICAST,UP,LOWER_UP> mtu 1500 qdisc pfifo_fast state UP group default qlen 1000
    link/ether 08:00:27:f8:33:b7 brd ff:ff:ff:ff:ff:ff
    inet 10.0.2.15/24 brd 10.0.2.255 scope global eth0
       valid_lft forever preferred_lft forever
    inet6 fe80::a00:27ff:fef8:33b7/64 scope link 
       valid_lft forever preferred_lft forever
3: eth1: <BROADCAST,MULTICAST,UP,LOWER_UP> mtu 1500 qdisc pfifo_fast state UP group default qlen 1000
    link/ether 08:00:27:b0:fa:ae brd ff:ff:ff:ff:ff:ff
    inet6 fc00:1234:2::36/64 scope global 
       valid_lft forever preferred_lft forever
    inet6 fe80::a00:27ff:feb0:faae/64 scope link 
       valid_lft forever preferred_lft forever
4: eth2: <BROADCAST,MULTICAST,UP,LOWER_UP> mtu 1500 qdisc pfifo_fast state UP group default qlen 1000
    link/ether 08:00:27:17:45:91 brd ff:ff:ff:ff:ff:ff
    inet 172.16.2.186/28 brd 172.16.2.191 scope global eth2
       valid_lft forever preferred_lft forever
    inet6 fe80::a00:27ff:fe17:4591/64 scope link 
       valid_lft forever preferred_lft forever
28: tun0: <POINTOPOINT,MULTICAST,NOARP,UP,LOWER_UP> mtu 1500 qdisc pfifo_fast state UNKNOWN group default qlen 500
    link/none 
    inet 172.16.2.1/28 scope global tun0
       valid_lft forever preferred_lft forever
RTNETLINK answers: File exists
1: lo: <LOOPBACK,UP,LOWER_UP> mtu 65536 qdisc noqueue state UNKNOWN group default 
    link/loopback 00:00:00:00:00:00 brd 00:00:00:00:00:00
    inet 127.0.0.1/8 scope host lo
       valid_lft forever preferred_lft forever
    inet6 ::1/128 scope host 
       valid_lft forever preferred_lft forever
2: eth0: <BROADCAST,MULTICAST,UP,LOWER_UP> mtu 1500 qdisc pfifo_fast state UP group default qlen 1000
    link/ether 08:00:27:f8:33:b7 brd ff:ff:ff:ff:ff:ff
    inet 10.0.2.15/24 brd 10.0.2.255 scope global eth0
       valid_lft forever preferred_lft forever
    inet6 fe80::a00:27ff:fef8:33b7/64 scope link 
       valid_lft forever preferred_lft forever
3: eth1: <BROADCAST,MULTICAST,UP,LOWER_UP> mtu 1500 qdisc pfifo_fast state UP group default qlen 1000
    link/ether 08:00:27:b0:fa:ae brd ff:ff:ff:ff:ff:ff
    inet6 fc00:1234:2::36/64 scope global 
       valid_lft forever preferred_lft forever
    inet6 fe80::a00:27ff:feb0:faae/64 scope link 
       valid_lft forever preferred_lft forever
4: eth2: <BROADCAST,MULTICAST,UP,LOWER_UP> mtu 1500 qdisc pfifo_fast state UP group default qlen 1000
    link/ether 08:00:27:17:45:91 brd ff:ff:ff:ff:ff:ff
    inet 172.16.2.186/28 brd 172.16.2.191 scope global eth2
       valid_lft forever preferred_lft forever
    inet6 fe80::a00:27ff:fe17:4591/64 scope link 
       valid_lft forever preferred_lft forever
28: tun0: <POINTOPOINT,MULTICAST,NOARP,UP,LOWER_UP> mtu 1500 qdisc pfifo_fast state UNKNOWN group default qlen 500
    link/none 
    inet 172.16.2.1/28 scope global tun0
       valid_lft forever preferred_lft forever
bind: Address already in use
TunName : tun0 
inip : 172.16.2.1 
inport : 123 
outip : fc00:1234:1::16 
outport : 123 
Création de tun0
Interface tun0 Configurée:
bidirectional 
copy data to struct 
lance thread1 
lance thread2 
RTNETLINK answers: Network is unreachable
1: lo: <LOOPBACK,UP,LOWER_UP> mtu 65536 qdisc noqueue state UNKNOWN group default 
    link/loopback 00:00:00:00:00:00 brd 00:00:00:00:00:00
    inet 127.0.0.1/8 scope host lo
       valid_lft forever preferred_lft forever
    inet6 ::1/128 scope host 
       valid_lft forever preferred_lft forever
2: eth0: <BROADCAST,MULTICAST,UP,LOWER_UP> mtu 1500 qdisc pfifo_fast state UP group default qlen 1000
    link/ether 08:00:27:f8:33:b7 brd ff:ff:ff:ff:ff:ff
    inet 10.0.2.15/24 brd 10.0.2.255 scope global eth0
       valid_lft forever preferred_lft forever
    inet6 fe80::a00:27ff:fef8:33b7/64 scope link 
       valid_lft forever preferred_lft forever
3: eth1: <BROADCAST,MULTICAST,UP,LOWER_UP> mtu 1500 qdisc pfifo_fast state UP group default qlen 1000
    link/ether 08:00:27:b0:fa:ae brd ff:ff:ff:ff:ff:ff
    inet6 fc00:1234:2::36/64 scope global 
       valid_lft forever preferred_lft forever
    inet6 fe80::a00:27ff:feb0:faae/64 scope link 
       valid_lft forever preferred_lft forever
4: eth2: <BROADCAST,MULTICAST,UP,LOWER_UP> mtu 1500 qdisc pfifo_fast state UP group default qlen 1000
    link/ether 08:00:27:17:45:91 brd ff:ff:ff:ff:ff:ff
    inet 172.16.2.186/28 brd 172.16.2.191 scope global eth2
       valid_lft forever preferred_lft forever
    inet6 fe80::a00:27ff:fe17:4591/64 scope link 
       valid_lft forever preferred_lft forever
29: tun0: <POINTOPOINT,MULTICAST,NOARP,UP,LOWER_UP> mtu 1500 qdisc pfifo_fast state UNKNOWN group default qlen 500
    link/none 
    inet 172.16.2.1/28 scope global tun0
       valid_lft forever preferred_lft forever
RTNETLINK answers: File exists
1: lo: <LOOPBACK,UP,LOWER_UP> mtu 65536 qdisc noqueue state UNKNOWN group default 
    link/loopback 00:00:00:00:00:00 brd 00:00:00:00:00:00
    inet 127.0.0.1/8 scope host lo
       valid_lft forever preferred_lft forever
    inet6 ::1/128 scope host 
       valid_lft forever preferred_lft forever
2: eth0: <BROADCAST,MULTICAST,UP,LOWER_UP> mtu 1500 qdisc pfifo_fast state UP group default qlen 1000
    link/ether 08:00:27:f8:33:b7 brd ff:ff:ff:ff:ff:ff
    inet 10.0.2.15/24 brd 10.0.2.255 scope global eth0
       valid_lft forever preferred_lft forever
    inet6 fe80::a00:27ff:fef8:33b7/64 scope link 
       valid_lft forever preferred_lft forever
3: eth1: <BROADCAST,MULTICAST,UP,LOWER_UP> mtu 1500 qdisc pfifo_fast state UP group default qlen 1000
    link/ether 08:00:27:b0:fa:ae brd ff:ff:ff:ff:ff:ff
    inet6 fc00:1234:2::36/64 scope global 
       valid_lft forever preferred_lft forever
    inet6 fe80::a00:27ff:feb0:faae/64 scope link 
       valid_lft forever preferred_lft forever
4: eth2: <BROADCAST,MULTICAST,UP,LOWER_UP> mtu 1500 qdisc pfifo_fast state UP group default qlen 1000
    link/ether 08:00:27:17:45:91 brd ff:ff:ff:ff:ff:ff
    inet 172.16.2.186/28 brd 172.16.2.191 scope global eth2
       valid_lft forever preferred_lft forever
    inet6 fe80::a00:27ff:fe17:4591/64 scope link 
       valid_lft forever preferred_lft forever
29: tun0: <POINTOPOINT,MULTICAST,NOARP,UP,LOWER_UP> mtu 1500 qdisc pfifo_fast state UNKNOWN group default qlen 500
    link/none 
    inet 172.16.2.1/28 scope global tun0
       valid_lft forever preferred_lft forever
bind: Address already in use
TunName : tun0 
inip : 172.16.2.1 
inport : 123 
outip : fc00:1234:1::16 
outport : 123 
Création de tun0
Interface tun0 Configurée:
bidirectional 
copy data to struct 
lance thread1 
lance thread2 
1: lo: <LOOPBACK,UP,LOWER_UP> mtu 65536 qdisc noqueue state UNKNOWN group default 
    link/loopback 00:00:00:00:00:00 brd 00:00:00:00:00:00
    inet 127.0.0.1/8 scope host lo
       valid_lft forever preferred_lft forever
    inet6 ::1/128 scope host 
       valid_lft forever preferred_lft forever
2: eth0: <BROADCAST,MULTICAST,UP,LOWER_UP> mtu 1500 qdisc pfifo_fast state UP group default qlen 1000
    link/ether 08:00:27:f8:33:b7 brd ff:ff:ff:ff:ff:ff
    inet 10.0.2.15/24 brd 10.0.2.255 scope global eth0
       valid_lft forever preferred_lft forever
    inet6 fe80::a00:27ff:fef8:33b7/64 scope link 
       valid_lft forever preferred_lft forever
3: eth1: <BROADCAST,MULTICAST,UP,LOWER_UP> mtu 1500 qdisc pfifo_fast state UP group default qlen 1000
    link/ether 08:00:27:b0:fa:ae brd ff:ff:ff:ff:ff:ff
    inet6 fc00:1234:2::36/64 scope global 
       valid_lft forever preferred_lft forever
    inet6 fe80::a00:27ff:feb0:faae/64 scope link 
       valid_lft forever preferred_lft forever
4: eth2: <BROADCAST,MULTICAST,UP,LOWER_UP> mtu 1500 qdisc pfifo_fast state UP group default qlen 1000
    link/ether 08:00:27:17:45:91 brd ff:ff:ff:ff:ff:ff
    inet 172.16.2.186/28 brd 172.16.2.191 scope global eth2
       valid_lft forever preferred_lft forever
    inet6 fe80::a00:27ff:fe17:4591/64 scope link 
       valid_lft forever preferred_lft forever
30: tun0: <POINTOPOINT,MULTICAST,NOARP,UP,LOWER_UP> mtu 1500 qdisc pfifo_fast state UNKNOWN group default qlen 500
    link/none 
    inet 172.16.2.1/28 scope global tun0
       valid_lft forever preferred_lft forever
